S=C=A=N: Wed May 17 09:42:40 2017: Collect start
/usr/local/bin/srun -n 64 ./bt.C.64


 NAS Parallel Benchmarks 3.3 -- BT Benchmark 

 No input file inputbt.data. Using compiled defaults
 Size:  162x 162x 162
 Iterations:  200    dt:   0.0001000
 Number of active processes:    64

 Time step    1
 Time step   20
 Time step   40
 Time step   60
 Time step   80
 Time step  100
 Time step  120
 Time step  140
 Time step  160
 Time step  180
 Time step  200
 Verification being performed for class C
 accuracy setting for epsilon =  0.1000000000000E-07
 Comparison of RMS-norms of residual
           1 0.6239811655176E+04 0.6239811655176E+04 0.2915135109947E-15
           2 0.5079323919042E+03 0.5079323919042E+03 0.2238227754985E-15
           3 0.1542353009301E+04 0.1542353009301E+04 0.0000000000000E+00
           4 0.1330238792929E+04 0.1330238792929E+04 0.6837078474988E-15
           5 0.1160408742844E+05 0.1160408742844E+05 0.3135083934456E-15
 Comparison of RMS-norms of solution error
           1 0.1646200836909E+03 0.1646200836909E+03 0.1726503157644E-15
           2 0.1149710790382E+02 0.1149710790382E+02 0.0000000000000E+00
           3 0.4120744620746E+02 0.4120744620746E+02 0.0000000000000E+00
           4 0.3708765105969E+02 0.3708765105969E+02 0.0000000000000E+00
           5 0.3621105305184E+03 0.3621105305184E+03 0.3139561767476E-15
 Verification Successful


 BT Benchmark Completed.
 Class           =                        C
 Size            =            162x 162x 162
 Iterations      =                      200
 Time in seconds =                    31.10
 Total processes =                       64
 Compiled procs  =                       64
 Mop/s total     =                 92152.09
 Mop/s/process   =                  1439.88
 Operation type  =           floating point
 Verification    =               SUCCESSFUL
 Version         =                    3.3.1
 Compile date    =              17 May 2017

 Compile options:
    MPIF77       = scorep mpif77
    FLINK        = $(MPIF77)
    FMPI_LIB     = (none)
    FMPI_INC     = (none)
    FFLAGS       = -O
    FLINKFLAGS   = -O
    RAND         = (none)


 Please send feedbacks and/or the results of this run to:

 NPB Development Team 
 Internet: npb@nas.nasa.gov


S=C=A=N: Wed May 17 09:43:17 2017: Collect done (status=0) 37s
